This is pdfTeX, Version 3.14159265-2.6-1.40.17 (TeX Live 2016) (preloaded format=pdflatex 2016.5.22)  10 FEB 2018 13:32
entering extended mode
 restricted \write18 enabled.
 file:line:error style messages enabled.
 %&-line parsing enabled.
**paper_config.tex
(./paper_config.tex
LaTeX2e <2016/03/31>
Babel <3.9r> and hyphenation patterns for 83 language(s) loaded.
(./acmart.cls
Document Class: acmart 2017/12/14 v1.48 Typesetting articles for the Associatio
n for Computing Machinery
(/usr/local/texlive/2016/texmf-dist/tex/latex/xkeyval/xkeyval.sty
Package: xkeyval 2014/12/03 v2.7a package option processing (HA)

(/usr/local/texlive/2016/texmf-dist/tex/generic/xkeyval/xkeyval.tex
(/usr/local/texlive/2016/texmf-dist/tex/generic/xkeyval/xkvutils.tex
\XKV@toks=\toks14
\XKV@tempa@toks=\toks15

(/usr/local/texlive/2016/texmf-dist/tex/generic/xkeyval/keyval.tex))
\XKV@depth=\count79
File: xkeyval.tex 2014/12/03 v2.7a key=value parser (HA)
))
(/usr/local/texlive/2016/texmf-dist/tex/generic/xstring/xstring.sty
(/usr/local/texlive/2016/texmf-dist/tex/generic/xstring/xstring.tex
\@xs@message=\write3
\integerpart=\count80
\decimalpart=\count81
)
Package: xstring 2013/10/13  v1.7c  String manipulations (C Tellechea)
)
Package acmart Info: Not using screen mode on input line 73.
Package acmart Info: Requiring acmthm on input line 81.
Package acmart Info: Not using review mode on input line 90.
Package acmart Info: Not using authorversion mode on input line 98.
Package acmart Info: Explicitly selecting natbib mode on input line 106.
Package acmart Info: Not using anonymous mode on input line 114.
Package acmart Info: Not using timestamp mode on input line 122.
Package acmart Info: Not using authordraft mode on input line 132.
Class acmart Info: Using format sigconf, number 4 on input line 141.
Class acmart Info: Using fontsize 9pt on input line 199.

(/usr/local/texlive/2016/texmf-dist/tex/latex/amscls/amsart.cls
Document Class: amsart 2015/03/04 v2.20.2
\linespacing=\dimen102
\normalparindent=\dimen103
\normaltopskip=\skip41
(/usr/local/texlive/2016/texmf-dist/tex/latex/amsmath/amsmath.sty
Package: amsmath 2016/03/10 v2.15b AMS math features
\@mathmargin=\skip42

For additional information on amsmath, use the `?' option.
(/usr/local/texlive/2016/texmf-dist/tex/latex/amsmath/amstext.sty
Package: amstext 2000/06/29 v2.01 AMS text

(/usr/local/texlive/2016/texmf-dist/tex/latex/amsmath/amsgen.sty
File: amsgen.sty 1999/11/30 v2.0 generic functions
\@emptytoks=\toks16
\ex@=\dimen104
))
(/usr/local/texlive/2016/texmf-dist/tex/latex/amsmath/amsbsy.sty
Package: amsbsy 1999/11/29 v1.2d Bold Symbols
\pmbraise@=\dimen105
)
(/usr/local/texlive/2016/texmf-dist/tex/latex/amsmath/amsopn.sty
Package: amsopn 2016/03/08 v2.02 operator names
)
\inf@bad=\count82
LaTeX Info: Redefining \frac on input line 199.
\uproot@=\count83
\leftroot@=\count84
LaTeX Info: Redefining \overline on input line 297.
\classnum@=\count85
\DOTSCASE@=\count86
LaTeX Info: Redefining \ldots on input line 394.
LaTeX Info: Redefining \dots on input line 397.
LaTeX Info: Redefining \cdots on input line 518.
\Mathstrutbox@=\box26
\strutbox@=\box27
\big@size=\dimen106
LaTeX Font Info:    Redeclaring font encoding OML on input line 634.
LaTeX Font Info:    Redeclaring font encoding OMS on input line 635.
\macc@depth=\count87
\c@MaxMatrixCols=\count88
\dotsspace@=\muskip10
\c@parentequation=\count89
\dspbrk@lvl=\count90
\tag@help=\toks17
\row@=\count91
\column@=\count92
\maxfields@=\count93
\andhelp@=\toks18
\eqnshift@=\dimen107
\alignsep@=\dimen108
\tagshift@=\dimen109
\tagwidth@=\dimen110
\totwidth@=\dimen111
\lineht@=\dimen112
\@envbody=\toks19
\multlinegap=\skip43
\multlinetaggap=\skip44
\mathdisplay@stack=\toks20
LaTeX Info: Redefining \[ on input line 2739.
LaTeX Info: Redefining \] on input line 2740.
)
LaTeX Font Info:    Try loading font information for U+msa on input line 388.

(/usr/local/texlive/2016/texmf-dist/tex/latex/amsfonts/umsa.fd
File: umsa.fd 2013/01/14 v3.01 AMS symbols A
)
(/usr/local/texlive/2016/texmf-dist/tex/latex/amsfonts/amsfonts.sty
Package: amsfonts 2013/01/14 v3.01 Basic AMSFonts support
\symAMSa=\mathgroup4
\symAMSb=\mathgroup5
LaTeX Font Info:    Overwriting math alphabet `\mathfrak' in version `bold'
(Font)                  U/euf/m/n --> U/euf/b/n on input line 106.
)
\copyins=\insert199
\abstractbox=\box28
\listisep=\skip45
\c@part=\count94
\c@section=\count95
\c@subsection=\count96
\c@subsubsection=\count97
\c@paragraph=\count98
\c@subparagraph=\count99
\c@figure=\count100
\c@table=\count101
\abovecaptionskip=\skip46
\belowcaptionskip=\skip47
\captionindent=\dimen113
\thm@style=\toks21
\thm@bodyfont=\toks22
\thm@headfont=\toks23
\thm@notefont=\toks24
\thm@headpunct=\toks25
\thm@preskip=\skip48
\thm@postskip=\skip49
\thm@headsep=\skip50
\dth@everypar=\toks26
)
(/usr/local/texlive/2016/texmf-dist/tex/latex/microtype/microtype.sty
Package: microtype 2016/05/14 v2.6a Micro-typographical refinements (RS)
\MT@toks=\toks27
\MT@count=\count102
LaTeX Info: Redefining \textls on input line 774.
\MT@outer@kern=\dimen114
LaTeX Info: Redefining \textmicrotypecontext on input line 1310.
\MT@listname@count=\count103

(/usr/local/texlive/2016/texmf-dist/tex/latex/microtype/microtype-pdftex.def
File: microtype-pdftex.def 2016/05/14 v2.6a Definitions specific to pdftex (RS)

LaTeX Info: Redefining \lsstyle on input line 916.
LaTeX Info: Redefining \lslig on input line 916.
\MT@outer@space=\skip51
)
Package microtype Info: Loading configuration file microtype.cfg.

(/usr/local/texlive/2016/texmf-dist/tex/latex/microtype/microtype.cfg
File: microtype.cfg 2016/05/14 v2.6a microtype main configuration file (RS)
))
(/usr/local/texlive/2016/texmf-dist/tex/latex/etoolbox/etoolbox.sty
Package: etoolbox 2015/08/02 v2.2a e-TeX tools for LaTeX (JAW)
\etb@tempcnta=\count104
)
(/usr/local/texlive/2016/texmf-dist/tex/latex/oberdiek/refcount.sty
Package: refcount 2016/05/16 v3.5 Data extraction from label references (HO)

(/usr/local/texlive/2016/texmf-dist/tex/generic/oberdiek/ltxcmds.sty
Package: ltxcmds 2016/05/16 v1.23 LaTeX kernel commands for general use (HO)
)
(/usr/local/texlive/2016/texmf-dist/tex/generic/oberdiek/infwarerr.sty
Package: infwarerr 2016/05/16 v1.4 Providing info/warning/error messages (HO)
))
(/usr/local/texlive/2016/texmf-dist/tex/latex/totpages/totpages.sty
Package: totpages 2005/09/19 v2.00 Totpages Package (muewi)

(/usr/local/texlive/2016/texmf-dist/tex/latex/ms/everyshi.sty
Package: everyshi 2001/05/15 v3.00 EveryShipout Package (MS)
))
(/usr/local/texlive/2016/texmf-dist/tex/latex/environ/environ.sty
Package: environ 2014/05/04 v0.3 A new way to define environments

(/usr/local/texlive/2016/texmf-dist/tex/latex/trimspaces/trimspaces.sty
Package: trimspaces 2009/09/17 v1.1 Trim spaces around a token list
))
(/usr/local/texlive/2016/texmf-dist/tex/latex/textcase/textcase.sty
Package: textcase 2004/10/07 v0.07 Text only upper/lower case changing (DPC)
)
(/usr/local/texlive/2016/texmf-dist/tex/latex/natbib/natbib.sty
Package: natbib 2010/09/13 8.31b (PWD, AO)
\bibhang=\skip52
\bibsep=\skip53
LaTeX Info: Redefining \cite on input line 694.
\c@NAT@ctr=\count105
)
(/usr/local/texlive/2016/texmf-dist/tex/latex/hyperref/hyperref.sty
Package: hyperref 2016/05/05 v6.83n Hypertext links for LaTeX

(/usr/local/texlive/2016/texmf-dist/tex/generic/oberdiek/hobsub-hyperref.sty
Package: hobsub-hyperref 2016/05/16 v1.14 Bundle oberdiek, subset hyperref (HO)


(/usr/local/texlive/2016/texmf-dist/tex/generic/oberdiek/hobsub-generic.sty
Package: hobsub-generic 2016/05/16 v1.14 Bundle oberdiek, subset generic (HO)
Package: hobsub 2016/05/16 v1.14 Construct package bundles (HO)
Package hobsub Info: Skipping package `infwarerr' (already loaded).
Package hobsub Info: Skipping package `ltxcmds' (already loaded).
Package: ifluatex 2016/05/16 v1.4 Provides the ifluatex switch (HO)
Package ifluatex Info: LuaTeX not detected.
Package: ifvtex 2016/05/16 v1.6 Detect VTeX and its facilities (HO)
Package ifvtex Info: VTeX not detected.
Package: intcalc 2016/05/16 v1.2 Expandable calculations with integers (HO)
Package: ifpdf 2016/05/14 v3.1 Provides the ifpdf switch
Package: etexcmds 2016/05/16 v1.6 Avoid name clashes with e-TeX commands (HO)
Package etexcmds Info: Could not find \expanded.
(etexcmds)             That can mean that you are not using pdfTeX 1.50 or
(etexcmds)             that some package has redefined \expanded.
(etexcmds)             In the latter case, load this package earlier.
Package: kvsetkeys 2016/05/16 v1.17 Key value parser (HO)
Package: kvdefinekeys 2016/05/16 v1.4 Define keys (HO)
Package: pdftexcmds 2016/05/10 v0.21 Utility functions of pdfTeX for LuaTeX (HO
)
Package pdftexcmds Info: LuaTeX not detected.
Package pdftexcmds Info: \pdf@primitive is available.
Package pdftexcmds Info: \pdf@ifprimitive is available.
Package pdftexcmds Info: \pdfdraftmode found.
Package: pdfescape 2016/05/16 v1.14 Implements pdfTeX's escape features (HO)
Package: bigintcalc 2016/05/16 v1.4 Expandable calculations on big integers (HO
)
Package: bitset 2016/05/16 v1.2 Handle bit-vector datatype (HO)
Package: uniquecounter 2016/05/16 v1.3 Provide unlimited unique counter (HO)
)
Package hobsub Info: Skipping package `hobsub' (already loaded).
Package: letltxmacro 2016/05/16 v1.5 Let assignment for LaTeX macros (HO)
Package: hopatch 2016/05/16 v1.3 Wrapper for package hooks (HO)
Package: xcolor-patch 2016/05/16 xcolor patch
Package: atveryend 2016/05/16 v1.9 Hooks at the very end of document (HO)
Package: atbegshi 2016/05/16 v1.17 At begin shipout hook (HO)
Package hobsub Info: Skipping package `refcount' (already loaded).
Package: hycolor 2016/05/16 v1.8 Color options for hyperref/bookmark (HO)
)
(/usr/local/texlive/2016/texmf-dist/tex/generic/ifxetex/ifxetex.sty
Package: ifxetex 2010/09/12 v0.6 Provides ifxetex conditional
)
(/usr/local/texlive/2016/texmf-dist/tex/latex/oberdiek/auxhook.sty
Package: auxhook 2016/05/16 v1.4 Hooks for auxiliary files (HO)
)
(/usr/local/texlive/2016/texmf-dist/tex/latex/oberdiek/kvoptions.sty
Package: kvoptions 2016/05/16 v3.12 Key value format for package options (HO)
)
\@linkdim=\dimen115
\Hy@linkcounter=\count106
\Hy@pagecounter=\count107

(/usr/local/texlive/2016/texmf-dist/tex/latex/hyperref/pd1enc.def
File: pd1enc.def 2016/05/05 v6.83n Hyperref: PDFDocEncoding definition (HO)
)
\Hy@SavedSpaceFactor=\count108

(/usr/local/texlive/2016/texmf-dist/tex/latex/latexconfig/hyperref.cfg
File: hyperref.cfg 2002/06/06 v1.2 hyperref configuration of TeXLive
)
Package hyperref Info: Option `bookmarksnumbered' set `true' on input line 4322
.
Package hyperref Info: Option `unicode' set `true' on input line 4322.

(/usr/local/texlive/2016/texmf-dist/tex/latex/hyperref/puenc.def
File: puenc.def 2016/05/05 v6.83n Hyperref: PDF Unicode definition (HO)
)
Package hyperref Info: Hyper figures OFF on input line 4446.
Package hyperref Info: Link nesting OFF on input line 4451.
Package hyperref Info: Hyper index ON on input line 4454.
Package hyperref Info: Plain pages OFF on input line 4461.
Package hyperref Info: Backreferencing OFF on input line 4466.
Package hyperref Info: Implicit mode ON; LaTeX internals redefined.
Package hyperref Info: Bookmarks ON on input line 4691.
\c@Hy@tempcnt=\count109

(/usr/local/texlive/2016/texmf-dist/tex/latex/url/url.sty
\Urlmuskip=\muskip11
Package: url 2013/09/16  ver 3.4  Verb mode for urls, etc.
)
LaTeX Info: Redefining \url on input line 5044.
\XeTeXLinkMargin=\dimen116
\Fld@menulength=\count110
\Field@Width=\dimen117
\Fld@charsize=\dimen118
Package hyperref Info: Hyper figures OFF on input line 6298.
Package hyperref Info: Link nesting OFF on input line 6303.
Package hyperref Info: Hyper index ON on input line 6306.
Package hyperref Info: backreferencing OFF on input line 6313.
Package hyperref Info: Link coloring OFF on input line 6318.
Package hyperref Info: Link coloring with OCG OFF on input line 6323.
Package hyperref Info: PDF/A mode OFF on input line 6328.
LaTeX Info: Redefining \ref on input line 6368.
LaTeX Info: Redefining \pageref on input line 6372.
\Hy@abspage=\count111
\c@Item=\count112
\c@Hfootnote=\count113
)

Package hyperref Message: Driver (autodetected): hpdftex.

(/usr/local/texlive/2016/texmf-dist/tex/latex/hyperref/hpdftex.def
File: hpdftex.def 2016/05/05 v6.83n Hyperref driver for pdfTeX
\Fld@listcount=\count114
\c@bookmark@seq@number=\count115

(/usr/local/texlive/2016/texmf-dist/tex/latex/oberdiek/rerunfilecheck.sty
Package: rerunfilecheck 2016/05/16 v1.8 Rerun checks for auxiliary files (HO)
Package uniquecounter Info: New unique counter `rerunfilecheck' on input line 2
82.
)
\Hy@SectionHShift=\skip54
)
(/usr/local/texlive/2016/texmf-dist/tex/latex/graphics/graphicx.sty
Package: graphicx 2014/10/28 v1.0g Enhanced LaTeX Graphics (DPC,SPQR)

(/usr/local/texlive/2016/texmf-dist/tex/latex/graphics/graphics.sty
Package: graphics 2016/05/09 v1.0r Standard LaTeX Graphics (DPC,SPQR)

(/usr/local/texlive/2016/texmf-dist/tex/latex/graphics/trig.sty
Package: trig 2016/01/03 v1.10 sin cos tan (DPC)
)
(/usr/local/texlive/2016/texmf-dist/tex/latex/graphics-cfg/graphics.cfg
File: graphics.cfg 2016/01/02 v1.10 sample graphics configuration
)
Package graphics Info: Driver file: pdftex.def on input line 96.

(/usr/local/texlive/2016/texmf-dist/tex/latex/pdftex-def/pdftex.def
File: pdftex.def 2011/05/27 v0.06d Graphics/color for pdfTeX
\Gread@gobject=\count116
))
\Gin@req@height=\dimen119
\Gin@req@width=\dimen120
)
(/usr/local/texlive/2016/texmf-dist/tex/latex/xcolor/xcolor.sty
Package: xcolor 2016/05/11 v2.12 LaTeX color extensions (UK)

(/usr/local/texlive/2016/texmf-dist/tex/latex/graphics-cfg/color.cfg
File: color.cfg 2016/01/02 v1.6 sample color configuration
)
Package xcolor Info: Driver file: pdftex.def on input line 225.
Package xcolor Info: Model `cmy' substituted by `cmy0' on input line 1348.
Package xcolor Info: Model `hsb' substituted by `rgb' on input line 1352.
Package xcolor Info: Model `RGB' extended on input line 1364.
Package xcolor Info: Model `HTML' substituted by `rgb' on input line 1366.
Package xcolor Info: Model `Hsb' substituted by `hsb' on input line 1367.
Package xcolor Info: Model `tHsb' substituted by `hsb' on input line 1368.
Package xcolor Info: Model `HSB' substituted by `hsb' on input line 1369.
Package xcolor Info: Model `Gray' substituted by `gray' on input line 1370.
Package xcolor Info: Model `wave' substituted by `hsb' on input line 1371.
)
(/usr/local/texlive/2016/texmf-dist/tex/latex/geometry/geometry.sty
Package: geometry 2010/09/12 v5.6 Page Geometry
\Gm@cnth=\count117
\Gm@cntv=\count118
\c@Gm@tempcnt=\count119
\Gm@bindingoffset=\dimen121
\Gm@wd@mp=\dimen122
\Gm@odd@mp=\dimen123
\Gm@even@mp=\dimen124
\Gm@layoutwidth=\dimen125
\Gm@layoutheight=\dimen126
\Gm@layouthoffset=\dimen127
\Gm@layoutvoffset=\dimen128
\Gm@dimlist=\toks28
)
(/usr/local/texlive/2016/texmf-dist/tex/latex/ncctools/manyfoot.sty
Package: manyfoot 2005/09/11 v1.10 Many Footnote Levels Package (NCC)

(/usr/local/texlive/2016/texmf-dist/tex/latex/ncctools/nccfoots.sty
Package: nccfoots 2005/02/03 v1.2 NCC Footnotes Package (NCC)
)
\MFL@columnwidth=\dimen129
)
\footinsauthorsaddresses=\insert198
\c@footnoteauthorsaddresses=\count120
\footinscopyrightpermission=\insert197
\c@footnotecopyrightpermission=\count121

(/usr/local/texlive/2016/texmf-dist/tex/generic/iftex/iftex.sty
Package: iftex 2013/04/04 v0.2 Provides if(tex) conditional for PDFTeX, XeTeX, 
and LuaTeX
)
(/usr/local/texlive/2016/texmf-dist/tex/generic/pdftex/glyphtounicode.tex)
(/usr/local/texlive/2016/texmf-dist/tex/latex/cmap/cmap.sty
Package: cmap 2008/03/06 v1.0h CMap support: searchable PDF
)
(/usr/local/texlive/2016/texmf-dist/tex/latex/libertine/libertine.sty
Package: libertine 2014/11/25 (Bob Tennent) Supports Libertine and Biolinum fon
ts for all LaTeX engines.

(/usr/local/texlive/2016/texmf-dist/tex/latex/base/textcomp.sty
Package: textcomp 2005/09/27 v1.99g Standard LaTeX package
Package textcomp Info: Sub-encoding information:
(textcomp)               5 = only ISO-Adobe without \textcurrency
(textcomp)               4 = 5 + \texteuro
(textcomp)               3 = 4 + \textohm
(textcomp)               2 = 3 + \textestimated + \textcurrency
(textcomp)               1 = TS1 - \textcircled - \t
(textcomp)               0 = TS1 (full)
(textcomp)             Font families with sub-encoding setting implement
(textcomp)             only a restricted character set as indicated.
(textcomp)             Family '?' is the default used for unknown fonts.
(textcomp)             See the documentation for details.
Package textcomp Info: Setting ? sub-encoding to TS1/1 on input line 79.

(/usr/local/texlive/2016/texmf-dist/tex/latex/base/ts1enc.def
File: ts1enc.def 2001/06/05 v3.0e (jk/car/fm) Standard LaTeX file
)
LaTeX Info: Redefining \oldstylenums on input line 334.
Package textcomp Info: Setting cmr sub-encoding to TS1/0 on input line 349.
Package textcomp Info: Setting cmss sub-encoding to TS1/0 on input line 350.
Package textcomp Info: Setting cmtt sub-encoding to TS1/0 on input line 351.
Package textcomp Info: Setting cmvtt sub-encoding to TS1/0 on input line 352.
Package textcomp Info: Setting cmbr sub-encoding to TS1/0 on input line 353.
Package textcomp Info: Setting cmtl sub-encoding to TS1/0 on input line 354.
Package textcomp Info: Setting ccr sub-encoding to TS1/0 on input line 355.
Package textcomp Info: Setting ptm sub-encoding to TS1/4 on input line 356.
Package textcomp Info: Setting pcr sub-encoding to TS1/4 on input line 357.
Package textcomp Info: Setting phv sub-encoding to TS1/4 on input line 358.
Package textcomp Info: Setting ppl sub-encoding to TS1/3 on input line 359.
Package textcomp Info: Setting pag sub-encoding to TS1/4 on input line 360.
Package textcomp Info: Setting pbk sub-encoding to TS1/4 on input line 361.
Package textcomp Info: Setting pnc sub-encoding to TS1/4 on input line 362.
Package textcomp Info: Setting pzc sub-encoding to TS1/4 on input line 363.
Package textcomp Info: Setting bch sub-encoding to TS1/4 on input line 364.
Package textcomp Info: Setting put sub-encoding to TS1/5 on input line 365.
Package textcomp Info: Setting uag sub-encoding to TS1/5 on input line 366.
Package textcomp Info: Setting ugq sub-encoding to TS1/5 on input line 367.
Package textcomp Info: Setting ul8 sub-encoding to TS1/4 on input line 368.
Package textcomp Info: Setting ul9 sub-encoding to TS1/4 on input line 369.
Package textcomp Info: Setting augie sub-encoding to TS1/5 on input line 370.
Package textcomp Info: Setting dayrom sub-encoding to TS1/3 on input line 371.
Package textcomp Info: Setting dayroms sub-encoding to TS1/3 on input line 372.

Package textcomp Info: Setting pxr sub-encoding to TS1/0 on input line 373.
Package textcomp Info: Setting pxss sub-encoding to TS1/0 on input line 374.
Package textcomp Info: Setting pxtt sub-encoding to TS1/0 on input line 375.
Package textcomp Info: Setting txr sub-encoding to TS1/0 on input line 376.
Package textcomp Info: Setting txss sub-encoding to TS1/0 on input line 377.
Package textcomp Info: Setting txtt sub-encoding to TS1/0 on input line 378.
Package textcomp Info: Setting lmr sub-encoding to TS1/0 on input line 379.
Package textcomp Info: Setting lmdh sub-encoding to TS1/0 on input line 380.
Package textcomp Info: Setting lmss sub-encoding to TS1/0 on input line 381.
Package textcomp Info: Setting lmssq sub-encoding to TS1/0 on input line 382.
Package textcomp Info: Setting lmvtt sub-encoding to TS1/0 on input line 383.
Package textcomp Info: Setting lmtt sub-encoding to TS1/0 on input line 384.
Package textcomp Info: Setting qhv sub-encoding to TS1/0 on input line 385.
Package textcomp Info: Setting qag sub-encoding to TS1/0 on input line 386.
Package textcomp Info: Setting qbk sub-encoding to TS1/0 on input line 387.
Package textcomp Info: Setting qcr sub-encoding to TS1/0 on input line 388.
Package textcomp Info: Setting qcs sub-encoding to TS1/0 on input line 389.
Package textcomp Info: Setting qpl sub-encoding to TS1/0 on input line 390.
Package textcomp Info: Setting qtm sub-encoding to TS1/0 on input line 391.
Package textcomp Info: Setting qzc sub-encoding to TS1/0 on input line 392.
Package textcomp Info: Setting qhvc sub-encoding to TS1/0 on input line 393.
Package textcomp Info: Setting futs sub-encoding to TS1/4 on input line 394.
Package textcomp Info: Setting futx sub-encoding to TS1/4 on input line 395.
Package textcomp Info: Setting futj sub-encoding to TS1/4 on input line 396.
Package textcomp Info: Setting hlh sub-encoding to TS1/3 on input line 397.
Package textcomp Info: Setting hls sub-encoding to TS1/3 on input line 398.
Package textcomp Info: Setting hlst sub-encoding to TS1/3 on input line 399.
Package textcomp Info: Setting hlct sub-encoding to TS1/5 on input line 400.
Package textcomp Info: Setting hlx sub-encoding to TS1/5 on input line 401.
Package textcomp Info: Setting hlce sub-encoding to TS1/5 on input line 402.
Package textcomp Info: Setting hlcn sub-encoding to TS1/5 on input line 403.
Package textcomp Info: Setting hlcw sub-encoding to TS1/5 on input line 404.
Package textcomp Info: Setting hlcf sub-encoding to TS1/5 on input line 405.
Package textcomp Info: Setting pplx sub-encoding to TS1/3 on input line 406.
Package textcomp Info: Setting pplj sub-encoding to TS1/3 on input line 407.
Package textcomp Info: Setting ptmx sub-encoding to TS1/4 on input line 408.
Package textcomp Info: Setting ptmj sub-encoding to TS1/4 on input line 409.
)
(/usr/local/texlive/2016/texmf-dist/tex/latex/mweights/mweights.sty
Package: mweights 2013/07/21 (Bob Tennent) Support package for multiple-weight 
font packages. 
LaTeX Info: Redefining \bfseries on input line 22.
LaTeX Info: Redefining \mdseries on input line 29.
LaTeX Info: Redefining \rmfamily on input line 36.
LaTeX Info: Redefining \sffamily on input line 53.
LaTeX Info: Redefining \ttfamily on input line 70.
)
(/usr/local/texlive/2016/texmf-dist/tex/latex/base/fontenc.sty
Package: fontenc 2005/09/27 v1.99g Standard LaTeX package
)
(/usr/local/texlive/2016/texmf-dist/tex/latex/fontaxes/fontaxes.sty
Package: fontaxes 2014/03/23 v1.0d Font selection axes
LaTeX Info: Redefining \upshape on input line 29.
LaTeX Info: Redefining \itshape on input line 31.
LaTeX Info: Redefining \slshape on input line 33.
LaTeX Info: Redefining \scshape on input line 37.
)
LaTeX Info: Redefining \oldstylenums on input line 478.

(/usr/local/texlive/2016/texmf-dist/tex/latex/libertine/LinLibertine_I.tex))
(/usr/local/texlive/2016/texmf-dist/tex/latex/inconsolata/zi4.sty
Package: zi4 2016/02/22 v1.10

`inconsolata-zi4' v1.10, 2016/02/22 Text macros for Inconsolata (msharpe)
\zifour@ocount=\count122
)
(/usr/local/texlive/2016/texmf-dist/tex/latex/newtx/newtxmath.sty
Package: newtxmath 2016/03/27 v1.466

`newtxmath' v1.466, 2016/03/27 Math macros based on txfonts (msharpe)
(/usr/local/texlive/2016/texmf-dist/tex/generic/kastrup/binhex.tex)
\tx@Isdigit=\count123
LaTeX Font Info:    Redeclaring symbol font `operators' on input line 137.
LaTeX Font Info:    Overwriting symbol font `operators' in version `normal'
(Font)                  OT1/cmr/m/n --> OT1/LinuxLibertineT-TLF/m/n on input li
ne 137.
LaTeX Font Info:    Overwriting symbol font `operators' in version `bold'
(Font)                  OT1/cmr/bx/n --> OT1/LinuxLibertineT-TLF/m/n on input l
ine 137.
LaTeX Font Info:    Overwriting symbol font `operators' in version `bold'
(Font)                  OT1/LinuxLibertineT-TLF/m/n --> OT1/LinuxLibertineT-TLF
/sb/n on input line 138.
LaTeX Font Info:    Redeclaring math alphabet \mathsf on input line 144.
LaTeX Font Info:    Overwriting math alphabet `\mathsf' in version `normal'
(Font)                  OT1/cmss/m/n --> OT1/LinuxBiolinumT-TLF/m/n on input li
ne 144.
LaTeX Font Info:    Overwriting math alphabet `\mathsf' in version `bold'
(Font)                  OT1/cmss/bx/n --> OT1/LinuxBiolinumT-TLF/m/n on input l
ine 144.
LaTeX Font Info:    Redeclaring math alphabet \mathit on input line 145.
LaTeX Font Info:    Overwriting math alphabet `\mathit' in version `normal'
(Font)                  OT1/cmr/m/it --> OT1/LinuxLibertineT-TLF/m/it on input 
line 145.
LaTeX Font Info:    Overwriting math alphabet `\mathit' in version `bold'
(Font)                  OT1/cmr/bx/it --> OT1/LinuxLibertineT-TLF/m/it on input
 line 145.
LaTeX Font Info:    Redeclaring math alphabet \mathtt on input line 146.
LaTeX Font Info:    Overwriting math alphabet `\mathtt' in version `normal'
(Font)                  OT1/cmtt/m/n --> OT1/zi4/m/n on input line 146.
LaTeX Font Info:    Overwriting math alphabet `\mathtt' in version `bold'
(Font)                  OT1/cmtt/m/n --> OT1/zi4/m/n on input line 146.
LaTeX Font Info:    Redeclaring math alphabet \mathbf on input line 148.
LaTeX Font Info:    Overwriting math alphabet `\mathbf' in version `normal'
(Font)                  OT1/cmr/bx/n --> OT1/LinuxLibertineT-TLF/sb/n on input 
line 148.
LaTeX Font Info:    Overwriting math alphabet `\mathbf' in version `bold'
(Font)                  OT1/cmr/bx/n --> OT1/LinuxLibertineT-TLF/sb/n on input 
line 148.
LaTeX Font Info:    Overwriting math alphabet `\mathit' in version `bold'
(Font)                  OT1/LinuxLibertineT-TLF/m/it --> OT1/LinuxLibertineT-TL
F/sb/it on input line 149.
LaTeX Font Info:    Overwriting math alphabet `\mathsf' in version `bold'
(Font)                  OT1/LinuxBiolinumT-TLF/m/n --> OT1/LinuxBiolinumT-TLF/b
/n on input line 150.
LaTeX Font Info:    Overwriting math alphabet `\mathtt' in version `bold'
(Font)                  OT1/zi4/m/n --> OT1/zi4/b/n on input line 151.
LaTeX Font Info:    Redeclaring symbol font `letters' on input line 163.
LaTeX Font Info:    Overwriting symbol font `letters' in version `normal'
(Font)                  OML/cmm/m/it --> OML/nxlmi/m/it on input line 163.
LaTeX Font Info:    Overwriting symbol font `letters' in version `bold'
(Font)                  OML/cmm/b/it --> OML/nxlmi/m/it on input line 163.
LaTeX Font Info:    Overwriting symbol font `letters' in version `bold'
(Font)                  OML/nxlmi/m/it --> OML/nxlmi/b/it on input line 164.
\symlettersA=\mathgroup6
LaTeX Font Info:    Overwriting symbol font `lettersA' in version `bold'
(Font)                  U/ntxmia/m/it --> U/ntxmia/b/it on input line 213.
LaTeX Font Info:    Redeclaring math alphabet \mathfrak on input line 215.
LaTeX Font Info:    Redeclaring symbol font `symbols' on input line 221.
LaTeX Font Info:    Overwriting symbol font `symbols' in version `normal'
(Font)                  OMS/cmsy/m/n --> OMS/ntxsy/m/n on input line 221.
LaTeX Font Info:    Overwriting symbol font `symbols' in version `bold'
(Font)                  OMS/cmsy/b/n --> OMS/ntxsy/m/n on input line 221.
LaTeX Font Info:    Overwriting symbol font `symbols' in version `bold'
(Font)                  OMS/ntxsy/m/n --> OMS/ntxsy/b/n on input line 222.
\symAMSm=\mathgroup7
LaTeX Font Info:    Overwriting symbol font `AMSm' in version `bold'
(Font)                  U/ntxsym/m/n --> U/ntxsym/b/n on input line 242.
\symsymbolsC=\mathgroup8
LaTeX Font Info:    Overwriting symbol font `symbolsC' in version `bold'
(Font)                  U/ntxsyc/m/n --> U/ntxsyc/b/n on input line 263.
LaTeX Font Info:    Redeclaring symbol font `largesymbols' on input line 276.
LaTeX Font Info:    Encoding `OMX' has changed to `LMX' for symbol font
(Font)              `largesymbols' in the math version `normal' on input line 2
76.
LaTeX Font Info:    Overwriting symbol font `largesymbols' in version `normal'
(Font)                  OMX/cmex/m/n --> LMX/ntxexx/m/n on input line 276.
LaTeX Font Info:    Encoding `OMX' has changed to `LMX' for symbol font
(Font)              `largesymbols' in the math version `bold' on input line 276
.
LaTeX Font Info:    Overwriting symbol font `largesymbols' in version `bold'
(Font)                  OMX/cmex/m/n --> LMX/ntxexx/m/n on input line 276.
LaTeX Font Info:    Overwriting symbol font `largesymbols' in version `bold'
(Font)                  LMX/ntxexx/m/n --> LMX/ntxexx/b/n on input line 277.
\symlargesymbolsTXA=\mathgroup9
LaTeX Font Info:    Overwriting symbol font `largesymbolsTXA' in version `bold'

(Font)                  U/ntxexa/m/n --> U/ntxexa/b/n on input line 291.
LaTeX Info: Redefining \not on input line 1749.
LaTeX Info: Redefining \textsquare on input line 1770.
LaTeX Info: Redefining \openbox on input line 1772.
)
(/usr/local/texlive/2016/texmf-dist/tex/latex/base/fontenc.sty
Package: fontenc 2005/09/27 v1.99g Standard LaTeX package

(/usr/local/texlive/2016/texmf-dist/tex/latex/base/t1enc.def
File: t1enc.def 2005/09/27 v1.99g Standard LaTeX file
LaTeX Font Info:    Redeclaring font encoding T1 on input line 48.
)<<t1.cmap>>)
(/usr/local/texlive/2016/texmf-dist/tex/latex/caption/caption.sty
Package: caption 2016/02/21 v3.3-144 Customizing captions (AR)

(/usr/local/texlive/2016/texmf-dist/tex/latex/caption/caption3.sty
Package: caption3 2016/02/04 v1.7-139 caption3 kernel (AR)
Package caption3 Info: TeX engine: e-TeX on input line 67.
\captionmargin=\dimen130
\captionmargin@=\dimen131
\captionwidth=\dimen132
\caption@tempdima=\dimen133
\caption@indent=\dimen134
\caption@parindent=\dimen135
\caption@hangindent=\dimen136
)
Package caption Info: AMS or SMF document class.
\c@ContinuedFloat=\count124
Package caption Info: hyperref package is loaded.
)
(/usr/local/texlive/2016/texmf-dist/tex/latex/float/float.sty
Package: float 2001/11/08 v1.3d Float enhancements (AL)
\c@float@type=\count125
\float@exts=\toks29
\float@box=\box29
\@float@everytoks=\toks30
\@floatcapt=\box30
)
\@float@every@sidebar=\toks31
\c@sidebar=\count126
\fulltextwidth=\dimen137
\@ACM@labelwidth=\dimen138
\listisep=\skip55
\num@authorgroups=\count127
\num@authors=\count128
\@ACM@badge@width=\skip56
\@ACM@title@width=\skip57
\@ACM@badge@skip=\skip58
Class acmart Info: Printing CCS on input line 1253.
Class acmart Info: Printing bibformat on input line 1253.
Class acmart Info: Suppressing folios on input line 1260.
Class acmart Info: Setting authorsperrow to 0 on input line 1263.

(/usr/local/texlive/2016/texmf-dist/tex/latex/comment/comment.sty
\CommentStream=\write4

Excluding comment 'comment') Excluding comment 'CCSXML'
\mktitle@bx=\box31
\@ACM@commabox=\box32
\author@bx=\box33
\author@bx@wd=\dimen139
\author@bx@sep=\skip59

(/usr/local/texlive/2016/texmf-dist/tex/latex/fancyhdr/fancyhdr.sty
\fancy@headwidth=\skip60
\f@ncyO@elh=\skip61
\f@ncyO@erh=\skip62
\f@ncyO@olh=\skip63
\f@ncyO@orh=\skip64
\f@ncyO@elf=\skip65
\f@ncyO@erf=\skip66
\f@ncyO@olf=\skip67
\f@ncyO@orf=\skip68
)
\@folio@wd=\dimen140
\@folio@ht=\dimen141
\@folio@voffset=\dimen142

Special comment 'acks'
LaTeX Font Info:    Try loading font information for T1+LinuxLibertineT-TLF on 
input line 2561.

(/usr/local/texlive/2016/texmf-dist/tex/latex/libertine/T1LinuxLibertineT-TLF.f
d
File: T1LinuxLibertineT-TLF.fd 2012/11/26 (autoinst) Font definitions for T1/Li
nuxLibertineT-TLF.
)
LaTeX Font Info:    Font shape `T1/LinuxLibertineT-TLF/m/n' will be
(Font)              scaled to size 9.0pt on input line 2561.
) (/usr/local/texlive/2016/texmf-dist/tex/latex/booktabs/booktabs.sty
Package: booktabs 2016/04/27 v1.618033 publication quality tables
\heavyrulewidth=\dimen143
\lightrulewidth=\dimen144
\cmidrulewidth=\dimen145
\belowrulesep=\dimen146
\belowbottomsep=\dimen147
\aboverulesep=\dimen148
\abovetopsep=\dimen149
\cmidrulesep=\dimen150
\cmidrulekern=\dimen151
\defaultaddspace=\dimen152
\@cmidla=\count129
\@cmidlb=\count130
\@aboverulesep=\dimen153
\@belowrulesep=\dimen154
\@thisruleclass=\count131
\@lastruleclass=\count132
\@thisrulewidth=\dimen155
)
(./algorithm.sty
Package: algorithm 

Document Style `algorithm' - floating environment
(/usr/local/texlive/2016/texmf-dist/tex/latex/base/ifthen.sty
Package: ifthen 2014/09/29 v1.1c Standard LaTeX ifthen package (DPC)
)
\@float@every@algorithm=\toks32
\c@algorithm=\count133
)
(./algorithmic.sty
Package: algorithmic 

Document Style `algorithmic' - environment
(/usr/local/texlive/2016/texmf-dist/tex/latex/tools/calc.sty
Package: calc 2014/10/28 v4.3 Infix arithmetic (KKT,FJ)
\calc@Acount=\count134
\calc@Bcount=\count135
\calc@Adimen=\dimen156
\calc@Bdimen=\dimen157
\calc@Askip=\skip69
\calc@Bskip=\skip70
LaTeX Info: Redefining \setlength on input line 80.
LaTeX Info: Redefining \addtolength on input line 81.
\calc@Ccount=\count136
\calc@Cskip=\skip71
)
\c@ALC@line=\count137
\c@ALC@rem=\count138
\ALC@tlm=\skip72
)
(/usr/local/texlive/2016/texmf-dist/tex/latex/doublestroke/dsfont.sty
Package: dsfont 1995/08/01 v0.1 Double stroke roman fonts
)
(/usr/local/texlive/2016/texmf-dist/tex/latex/multirow/multirow.sty
\bigstrutjot=\dimen158
)
(/usr/local/texlive/2016/texmf-dist/tex/generic/babel/babel.sty
Package: babel 2016/04/23 3.9r The Babel package

(/usr/local/texlive/2016/texmf-dist/tex/generic/babel-english/english.ldf
Language: english 2012/08/20 v3.3p English support from the babel system

(/usr/local/texlive/2016/texmf-dist/tex/generic/babel/babel.def
File: babel.def 2016/04/23 3.9r Babel common definitions
\babel@savecnt=\count139
\U@D=\dimen159
)
\l@canadian = a dialect from \language\l@american 
\l@australian = a dialect from \language\l@british 
\l@newzealand = a dialect from \language\l@british 
))
(/usr/local/texlive/2016/texmf-dist/tex/latex/lipsum/lipsum.sty
Package: lipsum 2014/07/27 v1.3 150 paragraphs of Lorem Ipsum dummy text
\c@lips@count=\count140
)
\c@theorem=\count141

Excluding comment 'screenonly' Include comment 'printonly'
Include comment 'anonsuppress' (./paper_config.aux)
\openout1 = `paper_config.aux'.

LaTeX Font Info:    Checking defaults for OML/nxlmi/m/it on input line 51.
LaTeX Font Info:    Try loading font information for OML+nxlmi on input line 51
.

(/usr/local/texlive/2016/texmf-dist/tex/latex/newtx/omlnxlmi.fd
File: omlnxlmi.fd 2013/11/19 Fontinst v1.933 font definitions for OML/nxlmi.
)
LaTeX Font Info:    ... okay on input line 51.
LaTeX Font Info:    Checking defaults for T1/cmr/m/n on input line 51.
LaTeX Font Info:    ... okay on input line 51.
LaTeX Font Info:    Checking defaults for OT1/cmr/m/n on input line 51.
LaTeX Font Info:    ... okay on input line 51.
LaTeX Font Info:    Checking defaults for OMS/ntxsy/m/n on input line 51.
LaTeX Font Info:    Try loading font information for OMS+ntxsy on input line 51
.

(/usr/local/texlive/2016/texmf-dist/tex/latex/newtx/omsntxsy.fd
File: omsntxsy.fd 2012/11/14 Fontinst v1.933 font definitions for OMS/ntxsy.
)
LaTeX Font Info:    ... okay on input line 51.
LaTeX Font Info:    Checking defaults for OMX/cmex/m/n on input line 51.
LaTeX Font Info:    ... okay on input line 51.
LaTeX Font Info:    Checking defaults for U/ntxexa/m/n on input line 51.
LaTeX Font Info:    Try loading font information for U+ntxexa on input line 51.


(/usr/local/texlive/2016/texmf-dist/tex/latex/newtx/untxexa.fd
File: untxexa.fd 2012/04/16 Fontinst v1.933 font definitions for U/ntxexa.
)
LaTeX Font Info:    ... okay on input line 51.
LaTeX Font Info:    Checking defaults for PD1/pdf/m/n on input line 51.
LaTeX Font Info:    ... okay on input line 51.
LaTeX Font Info:    Checking defaults for PU/pdf/m/n on input line 51.
LaTeX Font Info:    ... okay on input line 51.
LaTeX Font Info:    Checking defaults for TS1/cmr/m/n on input line 51.
LaTeX Font Info:    Try loading font information for TS1+cmr on input line 51.

(/usr/local/texlive/2016/texmf-dist/tex/latex/base/ts1cmr.fd
File: ts1cmr.fd 2014/09/29 v2.5h Standard LaTeX font definitions
)
LaTeX Font Info:    ... okay on input line 51.
LaTeX Font Info:    Checking defaults for LMX/ntxexx/m/n on input line 51.
LaTeX Font Info:    ... okay on input line 51.
LaTeX Font Info:    Font shape `T1/LinuxLibertineT-TLF/m/n' will be
(Font)              scaled to size 7.0pt on input line 51.
LaTeX Font Info:    Try loading font information for OT1+LinuxLibertineT-TLF on
 input line 51.

(/usr/local/texlive/2016/texmf-dist/tex/latex/libertine/OT1LinuxLibertineT-TLF.
fd
File: OT1LinuxLibertineT-TLF.fd 2012/11/26 (autoinst) Font definitions for OT1/
LinuxLibertineT-TLF.
)
LaTeX Font Info:    Font shape `OT1/LinuxLibertineT-TLF/m/n' will be
(Font)              scaled to size 7.3pt on input line 51.
<<ot1.cmap>>
LaTeX Font Info:    Font shape `OT1/LinuxLibertineT-TLF/m/n' will be
(Font)              scaled to size 5.5pt on input line 51.
<<oml.cmap>><<oms.cmap>>
LaTeX Font Info:    Try loading font information for U+msa on input line 51.

(/usr/local/texlive/2016/texmf-dist/tex/latex/amsfonts/umsa.fd
File: umsa.fd 2013/01/14 v3.01 AMS symbols A
)
LaTeX Font Info:    Try loading font information for U+msb on input line 51.

(/usr/local/texlive/2016/texmf-dist/tex/latex/amsfonts/umsb.fd
File: umsb.fd 2013/01/14 v3.01 AMS symbols B
)
LaTeX Font Info:    Try loading font information for U+ntxmia on input line 51.


(/usr/local/texlive/2016/texmf-dist/tex/latex/newtx/untxmia.fd
File: untxmia.fd 2012/04/16 Fontinst v1.933 font definitions for U/ntxmia.
)
LaTeX Font Info:    Try loading font information for U+ntxsym on input line 51.


(/usr/local/texlive/2016/texmf-dist/tex/latex/newtx/untxsym.fd
File: untxsym.fd 2015/03/20 Fontinst v1.933 font definitions for U/ntxsym.
)
LaTeX Font Info:    Try loading font information for U+ntxsyc on input line 51.


(/usr/local/texlive/2016/texmf-dist/tex/latex/newtx/untxsyc.fd
File: untxsyc.fd 2012/04/12 Fontinst v1.933 font definitions for U/ntxsyc.
)
LaTeX Info: Redefining \microtypecontext on input line 51.
Package microtype Info: Generating PDF output.
Package microtype Info: Character protrusion enabled (level 2).
Package microtype Info: Using default protrusion set `alltext'.
Package microtype Info: Automatic font expansion enabled (level 2),
(microtype)             stretch: 20, shrink: 20, step: 1, non-selected.
Package microtype Info: Using default expansion set `basictext'.
Package microtype Info: No adjustment of tracking.
Package microtype Info: No adjustment of interword spacing.
Package microtype Info: No adjustment of character kerning.
Package microtype Info: Loading generic settings for font family
(microtype)             `LinuxLibertineT-TLF' (encoding: T1).
(microtype)             For optimal results, create family-specific settings.
(microtype)             See the microtype manual for details.

ABD: EveryShipout initializing macros
\AtBeginShipoutBox=\box34
Package hyperref Info: Link coloring OFF on input line 51.

(/usr/local/texlive/2016/texmf-dist/tex/latex/hyperref/nameref.sty
Package: nameref 2012/10/27 v2.43 Cross-referencing by name of section

(/usr/local/texlive/2016/texmf-dist/tex/generic/oberdiek/gettitlestring.sty
Package: gettitlestring 2016/05/16 v1.5 Cleanup title references (HO)
)
\c@section@level=\count142
)
LaTeX Info: Redefining \ref on input line 51.
LaTeX Info: Redefining \pageref on input line 51.
LaTeX Info: Redefining \nameref on input line 51.

(./paper_config.out) (./paper_config.out)
\@outlinefile=\write5
\openout5 = `paper_config.out'.


(/usr/local/texlive/2016/texmf-dist/tex/context/base/mkii/supp-pdf.mkii
[Loading MPS to PDF converter (version 2006.09.02).]
\scratchcounter=\count143
\scratchdimen=\dimen160
\scratchbox=\box35
\nofMPsegments=\count144
\nofMParguments=\count145
\everyMPshowfont=\toks33
\MPscratchCnt=\count146
\MPscratchDim=\dimen161
\MPnumerator=\count147
\makeMPintoPDFobject=\count148
\everyMPtoPDFconversion=\toks34
) (/usr/local/texlive/2016/texmf-dist/tex/latex/oberdiek/epstopdf-base.sty
Package: epstopdf-base 2016/05/15 v2.6 Base part for package epstopdf

(/usr/local/texlive/2016/texmf-dist/tex/latex/oberdiek/grfext.sty
Package: grfext 2016/05/16 v1.2 Manage graphics extensions (HO)
)
Package grfext Info: Graphics extension search list:
(grfext)             [.png,.pdf,.jpg,.mps,.jpeg,.jbig2,.jb2,.PNG,.PDF,.JPG,.JPE
G,.JBIG2,.JB2,.eps]
(grfext)             \AppendGraphicsExtensions on input line 456.

(/usr/local/texlive/2016/texmf-dist/tex/latex/latexconfig/epstopdf-sys.cfg
File: epstopdf-sys.cfg 2010/07/13 v1.3 Configuration of (r)epstopdf for TeX Liv
e
))
*geometry* driver: auto-detecting
*geometry* detected driver: pdftex
*geometry* verbose mode - [ preamble ] result:
* driver: pdftex
* paper: custom
* layout: <same size as paper>
* layoutoffset:(h,v)=(0.0pt,0.0pt)
* modes: includehead includefoot twoside heightrounded 
* h-part:(L,W,R)=(54.0pt, 506.295pt, 54.0pt)
* v-part:(T,H,B)=(57.0pt, 664.96999pt, 73.0pt)
* \paperwidth=614.295pt
* \paperheight=794.96999pt
* \textwidth=506.295pt
* \textheight=626.0pt
* \oddsidemargin=-18.26999pt
* \evensidemargin=-18.26999pt
* \topmargin=-15.26999pt
* \headheight=13.0pt
* \headsep=14.0pt
* \topskip=10.0pt
* \footskip=12.0pt
* \marginparwidth=24.0pt
* \marginparsep=11.0pt
* \columnsep=24.0pt
* \skip\footins=7.0pt plus 11.0pt
* \hoffset=0.0pt
* \voffset=0.0pt
* \mag=1000
* \@twocolumnfalse
* \@twosidetrue
* \@mparswitchtrue
* \@reversemarginfalse
* (1in=72.27pt=25.4mm, 1cm=28.453pt)

\c@mv@tabular=\count149
\c@mv@boldtabular=\count150
(/usr/local/texlive/2016/texmf-dist/tex/latex/upquote/upquote.sty
Package: upquote 2012/04/19 v1.3 upright-quote and grave-accent glyphs in verba
tim
)
Package caption Info: Begin \AtBeginDocument code.
Package caption Info: float package is loaded.
Package caption Info: End \AtBeginDocument code.
LaTeX Font Info:    Font shape `T1/LinuxLibertineT-TLF/m/n' will be
(Font)              scaled to size 17.28pt on input line 128.
LaTeX Font Info:    Try loading font information for T1+LinuxBiolinumT-TLF on i
nput line 128.

(/usr/local/texlive/2016/texmf-dist/tex/latex/libertine/T1LinuxBiolinumT-TLF.fd
File: T1LinuxBiolinumT-TLF.fd 2012/11/26 (autoinst) Font definitions for T1/Lin
uxBiolinumT-TLF.
)
LaTeX Font Info:    Font shape `T1/LinuxBiolinumT-TLF/m/n' will be
(Font)              scaled to size 17.28pt on input line 128.
Package microtype Info: Loading generic settings for font family
(microtype)             `LinuxBiolinumT-TLF' (encoding: T1).
(microtype)             For optimal results, create family-specific settings.
(microtype)             See the microtype manual for details.
LaTeX Font Info:    Font shape `T1/LinuxBiolinumT-TLF/bx/n' in size <17.28> not
 available
(Font)              Font shape `T1/LinuxBiolinumT-TLF/b/n' tried instead on inp
ut line 128.
LaTeX Font Info:    Font shape `T1/LinuxBiolinumT-TLF/b/n' will be
(Font)              scaled to size 17.28pt on input line 128.
LaTeX Font Info:    Font shape `T1/LinuxLibertineT-TLF/m/n' will be
(Font)              scaled to size 12.0pt on input line 128.
LaTeX Font Info:    Font shape `T1/LinuxLibertineT-TLF/m/n' will be
(Font)              scaled to size 10.0pt on input line 128.
LaTeX Font Info:    Font shape `OT1/LinuxLibertineT-TLF/m/n' will be
(Font)              scaled to size 10.0pt on input line 128.
Package microtype Info: Loading generic settings for font family
(microtype)             `LinuxLibertineT-TLF' (encoding: OT1).
(microtype)             For optimal results, create family-specific settings.
(microtype)             See the microtype manual for details.
 (/usr/local/texlive/2016/texmf-dist/tex/latex/microtype/mt-msa.cfg
File: mt-msa.cfg 2006/02/04 v1.1 microtype config. file: AMS symbols (a) (RS)
)
(/usr/local/texlive/2016/texmf-dist/tex/latex/microtype/mt-msb.cfg
File: mt-msb.cfg 2005/06/01 v1.0 microtype config. file: AMS symbols (b) (RS)
)
LaTeX Font Info:    Font shape `T1/LinuxLibertineT-TLF/m/it' will be
(Font)              scaled to size 7.0pt on input line 128.
LaTeX Font Info:    Try loading font information for TS1+LinuxLibertineT-TLF on
 input line 128.

(/usr/local/texlive/2016/texmf-dist/tex/latex/libertine/TS1LinuxLibertineT-TLF.
fd
File: TS1LinuxLibertineT-TLF.fd 2012/11/26 (autoinst) Font definitions for TS1/
LinuxLibertineT-TLF.
)
LaTeX Font Info:    Font shape `TS1/LinuxLibertineT-TLF/m/n' will be
(Font)              scaled to size 7.0pt on input line 128.
Package microtype Info: Loading generic settings for font family
(microtype)             `LinuxLibertineT-TLF' (encoding: TS1).
(microtype)             For optimal results, create family-specific settings.
(microtype)             See the microtype manual for details.
LaTeX Font Info:    Font shape `T1/LinuxLibertineT-TLF/b/n' will be
(Font)              scaled to size 9.0pt on input line 128.
LaTeX Font Info:    Font shape `T1/LinuxLibertineT-TLF/b/n' will be
(Font)              scaled to size 10.95pt on input line 128.
LaTeX Font Info:    Font shape `T1/LinuxLibertineT-TLF/m/it' will be
(Font)              scaled to size 9.0pt on input line 128.
LaTeX Font Info:    Font shape `OT1/LinuxLibertineT-TLF/m/n' will be
(Font)              scaled to size 9.0pt on input line 128.
LaTeX Font Info:    Font shape `T1/LinuxLibertineT-TLF/m/n' will be
(Font)              scaled to size 8.0pt on input line 128.
LaTeX Font Info:    Font shape `T1/LinuxLibertineT-TLF/b/n' will be
(Font)              scaled to size 8.0pt on input line 128.
LaTeX Font Info:    Font shape `T1/LinuxLibertineT-TLF/m/it' will be
(Font)              scaled to size 8.0pt on input line 128.
LaTeX Font Info:    Font shape `OT1/LinuxLibertineT-TLF/m/n' will be
(Font)              scaled to size 8.0pt on input line 128.
LaTeX Font Info:    Font shape `OT1/LinuxLibertineT-TLF/m/n' will be
(Font)              scaled to size 6.2pt on input line 128.


Package hyperref Warning: Option `pdflang' has already been used,
(hyperref)                setting the option has no effect on input line 128.


Package hyperref Warning: Option `pdfdisplaydoctitle' has already been used,
(hyperref)                setting the option has no effect on input line 128.

(./paper_body.tex

Package natbib Warning: Citation `davis1970clustering' on page 1 undefined on i
nput line 6.


Package natbib Warning: Citation `frank1986markov' on page 1 undefined on input
 line 8.


Package natbib Warning: Citation `barabasi1999emergence' on page 1 undefined on
 input line 9.


Package natbib Warning: Citation `watts1998collective' on page 1 undefined on i
nput line 10.


Package natbib Warning: Citation `wasserman1996logit' on page 1 undefined on in
put line 14.


Package natbib Warning: Citation `snijders2002markov' on page 1 undefined on in
put line 14.


Package natbib Warning: Citation `watts1998collective' on page 1 undefined on i
nput line 17.


Package natbib Warning: Citation `chakrabarti2006graph' on page 1 undefined on 
input line 18.


Package natbib Warning: Citation `milo2002network' on page 1 undefined on input
 line 19.


Package natbib Warning: Citation `prvzulj2004modeling' on page 1 undefined on i
nput line 20.

<images/graphlet_2-1.png, id=71, 189.70876pt x 40.65187pt>
File: images/graphlet_2-1.png Graphic file (type png)

<use images/graphlet_2-1.png>
Package pdftex.def Info: images/graphlet_2-1.png used on input line 26.
(pdftex.def)             Requested size: 30.37645pt x 6.50876pt.

<images/graphlet_3-1.png, id=72, 190.21063pt x 163.10938pt>
File: images/graphlet_3-1.png Graphic file (type png)

<use images/graphlet_3-1.png>
Package pdftex.def Info: images/graphlet_3-1.png used on input line 30.
(pdftex.def)             Requested size: 30.37645pt x 26.04825pt.

<images/graphlet_3-2.png, id=73, 189.70876pt x 163.10938pt>
File: images/graphlet_3-2.png Graphic file (type png)

<use images/graphlet_3-2.png>
Package pdftex.def Info: images/graphlet_3-2.png used on input line 34.
(pdftex.def)             Requested size: 30.37645pt x 26.11545pt.

<images/graphlet_4-1.png, id=74, 189.70876pt x 189.70876pt>
File: images/graphlet_4-1.png Graphic file (type png)

<use images/graphlet_4-1.png>
Package pdftex.def Info: images/graphlet_4-1.png used on input line 41.
(pdftex.def)             Requested size: 30.37645pt x 30.37428pt.

<images/graphlet_4-2.png, id=75, 190.21063pt x 189.70876pt>
File: images/graphlet_4-2.png Graphic file (type png)

<use images/graphlet_4-2.png>
Package pdftex.def Info: images/graphlet_4-2.png used on input line 45.
(pdftex.def)             Requested size: 30.37645pt x 30.29611pt.

<images/graphlet_4-3.png, id=76, 189.70876pt x 189.70876pt>
File: images/graphlet_4-3.png Graphic file (type png)

<use images/graphlet_4-3.png>
Package pdftex.def Info: images/graphlet_4-3.png used on input line 49.
(pdftex.def)             Requested size: 30.37645pt x 30.37428pt.

<images/graphlet_4-4.png, id=77, 189.70876pt x 189.70876pt>
File: images/graphlet_4-4.png Graphic file (type png)

<use images/graphlet_4-4.png>
Package pdftex.def Info: images/graphlet_4-4.png used on input line 53.
(pdftex.def)             Requested size: 30.37645pt x 30.37428pt.

<images/graphlet_4-5.png, id=78, 190.21063pt x 189.70876pt>
File: images/graphlet_4-5.png Graphic file (type png)

<use images/graphlet_4-5.png>
Package pdftex.def Info: images/graphlet_4-5.png used on input line 57.
(pdftex.def)             Requested size: 30.37645pt x 30.29611pt.

<images/graphlet_4-6.png, id=79, 189.70876pt x 189.70876pt>
File: images/graphlet_4-6.png Graphic file (type png)

<use images/graphlet_4-6.png>
Package pdftex.def Info: images/graphlet_4-6.png used on input line 61.
(pdftex.def)             Requested size: 30.37645pt x 30.37428pt.

<images/graphlet_5-1.png, id=80, 262.9825pt x 251.94125pt>
File: images/graphlet_5-1.png Graphic file (type png)

<use images/graphlet_5-1.png>
Package pdftex.def Info: images/graphlet_5-1.png used on input line 68.
(pdftex.def)             Requested size: 40.50452pt x 38.8006pt.

<images/graphlet_5-8.png, id=81, 262.9825pt x 251.94125pt>
File: images/graphlet_5-8.png Graphic file (type png)

<use images/graphlet_5-8.png>
Package pdftex.def Info: images/graphlet_5-8.png used on input line 72.
(pdftex.def)             Requested size: 40.50452pt x 38.8006pt.

<images/graphlet_5-11.png, id=82, 262.9825pt x 251.43938pt>
File: images/graphlet_5-11.png Graphic file (type png)

<use images/graphlet_5-11.png>
Package pdftex.def Info: images/graphlet_5-11.png used on input line 76.
(pdftex.def)             Requested size: 40.50452pt x 38.72331pt.

<images/graphlet_5-19.png, id=83, 262.48062pt x 251.94125pt>
File: images/graphlet_5-19.png Graphic file (type png)

<use images/graphlet_5-19.png>
Package pdftex.def Info: images/graphlet_5-19.png used on input line 80.
(pdftex.def)             Requested size: 40.50452pt x 38.87749pt.

<images/graphlet_5-21.png, id=84, 262.9825pt x 251.43938pt>
File: images/graphlet_5-21.png Graphic file (type png)

<use images/graphlet_5-21.png>
Package pdftex.def Info: images/graphlet_5-21.png used on input line 84.
(pdftex.def)             Requested size: 40.50452pt x 38.72331pt.
 [1.1{/usr/local/texlive/2016/texmf-var/fonts/map/pdftex/updmap/pdftex.map}

 <./images/graphlet_2-1.png> <./images/graphlet_3-1.png> <./images/graphlet_3-2
.png> <./images/graphlet_4-1.png> <./images/graphlet_4-2.png> <./images/graphle
t_4-3.png> <./images/graphlet_4-4.png> <./images/graphlet_4-5.png> <./images/gr
aphlet_4-6.png> <./images/graphlet_5-1.png> <./images/graphlet_5-8.png> <./imag
es/graphlet_5-11.png> <./images/graphlet_5-19.png> <./images/graphlet_5-21.png>
]

Package natbib Warning: Citation `bickel2011method' on page 2 undefined on inpu
t line 103.


Package natbib Warning: Citation `prvzulj2006efficient' on page 2 undefined on 
input line 104.


Package natbib Warning: Citation `cordella2004sub' on page 2 undefined on input
 line 105.


Package natbib Warning: Citation `Ahmed2017count' on page 2 undefined on input 
line 110.


Package natbib Warning: Citation `rahman2014graft' on page 2 undefined on input
 line 110.


Package natbib Warning: Citation `bhuiyan2012guise' on page 2 undefined on inpu
t line 112.


Package natbib Warning: Citation `Wang2014psrw' on page 2 undefined on input li
ne 112.


Package natbib Warning: Citation `Han2016waddling' on page 2 undefined on input
 line 113.


Package natbib Warning: Citation `Bressan2017colourcoding' on page 2 undefined 
on input line 114.


Underfull \vbox (badness 10000) has occurred while \output is active []

LaTeX Font Info:    Try loading font information for U+dsrom on input line 156.


(/usr/local/texlive/2016/texmf-dist/tex/latex/doublestroke/Udsrom.fd
File: Udsrom.fd 1995/08/01 v0.1 Double stroke roman font definitions
)
Underfull \vbox (badness 1137) has occurred while \output is active []

LaTeX Font Info:    Font shape `T1/LinuxBiolinumT-TLF/m/n' will be
(Font)              scaled to size 9.0pt on input line 189.
 [2.2]

Package natbib Warning: Citation `Wang2014psrw' on page 3 undefined on input li
ne 224.


Package natbib Warning: Citation `Wang2014psrw' on page 3 undefined on input li
ne 230.


Package natbib Warning: Citation `Bressan2017colourcoding' on page 3 undefined 
on input line 236.


Package natbib Warning: Citation `chen2016general' on page 3 undefined on input
 line 251.


Package natbib Warning: Citation `Han2016waddling' on page 3 undefined on input
 line 253.

<images/lift_1.png, id=118, 179.67125pt x 125.46875pt>
File: images/lift_1.png Graphic file (type png)
 <use images/lift_1.png>
Package pdftex.def Info: images/lift_1.png used on input line 332.
(pdftex.def)             Requested size: 50.63258pt x 35.3569pt.

<images/lift_2.png, id=120, 179.67125pt x 125.46875pt>
File: images/lift_2.png Graphic file (type png)
 <use images/lift_2.png>
Package pdftex.def Info: images/lift_2.png used on input line 336.
(pdftex.def)             Requested size: 50.63258pt x 35.3569pt.

<images/lift_3.png, id=121, 179.67125pt x 125.46875pt>
File: images/lift_3.png Graphic file (type png)
 <use images/lift_3.png>
Package pdftex.def Info: images/lift_3.png used on input line 340.
(pdftex.def)             Requested size: 50.63258pt x 35.3569pt.

<images/lift_4.png, id=122, 179.67125pt x 125.46875pt>
File: images/lift_4.png Graphic file (type png)
 <use images/lift_4.png>
Package pdftex.def Info: images/lift_4.png used on input line 344.
(pdftex.def)             Requested size: 50.63258pt x 35.3569pt.

<images/lift_5.png, id=123, 179.67125pt x 125.46875pt>
File: images/lift_5.png Graphic file (type png)
 <use images/lift_5.png>
Package pdftex.def Info: images/lift_5.png used on input line 351.
(pdftex.def)             Requested size: 50.63258pt x 35.3569pt.

<images/lift_6.png, id=124, 179.67125pt x 125.46875pt>
File: images/lift_6.png Graphic file (type png)
 <use images/lift_6.png>
Package pdftex.def Info: images/lift_6.png used on input line 355.
(pdftex.def)             Requested size: 50.63258pt x 35.3569pt.

<images/lift_7.png, id=125, 179.67125pt x 125.46875pt>
File: images/lift_7.png Graphic file (type png)
 <use images/lift_7.png>
Package pdftex.def Info: images/lift_7.png used on input line 359.
(pdftex.def)             Requested size: 50.63258pt x 35.3569pt.

<images/lift_8.png, id=126, 179.67125pt x 125.46875pt>
File: images/lift_8.png Graphic file (type png)
 <use images/lift_8.png>
Package pdftex.def Info: images/lift_8.png used on input line 363.
(pdftex.def)             Requested size: 50.63258pt x 35.3569pt.

[3.3 <./images/lift_1.png> <./images/lift_2.png> <./images/lift_3.png> <./image
s/lift_4.png> <./images/lift_5.png> <./images/lift_6.png> <./images/lift_7.png>
 <./images/lift_8.png>]
LaTeX Font Info:    Font shape `T1/LinuxLibertineT-TLF/m/n' will be
(Font)              scaled to size 7.3pt on input line 421.
LaTeX Font Info:    Font shape `T1/LinuxLibertineT-TLF/m/n' will be
(Font)              scaled to size 5.5pt on input line 421.
Package hyperref Info: bookmark level for unknown algorithm defaults to 0 on in
put line 434.
 [4.4]
LaTeX Font Info:    Font shape `T1/LinuxLibertineT-TLF/m/sc' will be
(Font)              scaled to size 9.0pt on input line 492.

Overfull \hbox (12.54675pt too wide) in paragraph at lines 531--533
[]\T1/LinuxLibertineT-TLF/m/n/9 (-20) Although cal-cu-la-tion of this prob-a-bi
l-ity on-the-fly is cost-prohibitive,
 []


LaTeX Warning: `h' float specifier changed to `ht'.

[5.5]

LaTeX Font Warning: Command \small invalid in math mode on input line 629.


Package natbib Warning: Citation `Han2016waddling' on page 6 undefined on input
 line 698.


Package natbib Warning: Citation `Wang2014psrw' on page 6 undefined on input li
ne 698.


Overfull \hbox (5.46468pt too wide) in paragraph at lines 745--746
[][][]\T1/LinuxLibertineT-TLF/m/it/9 (-20) Definition 4.2. []\T1/LinuxLibertine
T-TLF/m/n/9 (-20) De-fine the mix-ing co-ef-fi-cient of a sta-tion-ary Markov
 []

[6.6]

Package natbib Warning: Citation `Sinclair1992' on page 7 undefined on input li
ne 757.


Package natbib Warning: Citation `nr-aaai15' on page 7 undefined on input line 
796.

<images/bio-celegansneural_errors_H_1.pdf, id=206, 292.70255pt x 255.33894pt>
File: images/bio-celegansneural_errors_H_1.pdf Graphic file (type pdf)

<use images/bio-celegansneural_errors_H_1.pdf>
Package pdftex.def Info: images/bio-celegansneural_errors_H_1.pdf used on input
 line 819.
(pdftex.def)             Requested size: 116.44568pt x 101.5805pt.

<images/bio-celegansneural_errors_H_2.pdf, id=207, 292.70255pt x 255.33693pt>
File: images/bio-celegansneural_errors_H_2.pdf Graphic file (type pdf)

<use images/bio-celegansneural_errors_H_2.pdf>
Package pdftex.def Info: images/bio-celegansneural_errors_H_2.pdf used on input
 line 822.
(pdftex.def)             Requested size: 116.44568pt x 101.57971pt.

<images/ia-email-univ_errors_H_1.pdf, id=208, 292.70255pt x 255.33894pt>
File: images/ia-email-univ_errors_H_1.pdf Graphic file (type pdf)

<use images/ia-email-univ_errors_H_1.pdf>
Package pdftex.def Info: images/ia-email-univ_errors_H_1.pdf used on input line
 830.
(pdftex.def)             Requested size: 116.44568pt x 101.5805pt.

<images/ia-email-univ_errors_H_2.pdf, id=209, 292.70255pt x 255.33693pt>
File: images/ia-email-univ_errors_H_2.pdf Graphic file (type pdf)

<use images/ia-email-univ_errors_H_2.pdf>
Package pdftex.def Info: images/ia-email-univ_errors_H_2.pdf used on input line
 833.
(pdftex.def)             Requested size: 116.44568pt x 101.57971pt.

<images/misc-polblogs_errors_H_1.pdf, id=210, 292.70255pt x 255.33894pt>
File: images/misc-polblogs_errors_H_1.pdf Graphic file (type pdf)

<use images/misc-polblogs_errors_H_1.pdf>
Package pdftex.def Info: images/misc-polblogs_errors_H_1.pdf used on input line
 841.
(pdftex.def)             Requested size: 116.44568pt x 101.5805pt.

<images/misc-polblogs_errors_H_2.pdf, id=211, 292.70255pt x 255.33693pt>
File: images/misc-polblogs_errors_H_2.pdf Graphic file (type pdf)

<use images/misc-polblogs_errors_H_2.pdf>
Package pdftex.def Info: images/misc-polblogs_errors_H_2.pdf used on input line
 844.
(pdftex.def)             Requested size: 116.44568pt x 101.57971pt.

<images/misc-as-caida_errors_H_1.pdf, id=212, 292.70255pt x 255.33693pt>
File: images/misc-as-caida_errors_H_1.pdf Graphic file (type pdf)

<use images/misc-as-caida_errors_H_1.pdf>
Package pdftex.def Info: images/misc-as-caida_errors_H_1.pdf used on input line
 852.
(pdftex.def)             Requested size: 116.44568pt x 101.57971pt.

<images/misc-as-caida_errors_H_2.pdf, id=213, 287.70285pt x 255.33894pt>
File: images/misc-as-caida_errors_H_2.pdf Graphic file (type pdf)

<use images/misc-as-caida_errors_H_2.pdf>
Package pdftex.def Info: images/misc-as-caida_errors_H_2.pdf used on input line
 855.
(pdftex.def)             Requested size: 116.44568pt x 103.34546pt.

<images/misc-fullb_errors_H_1.pdf, id=214, 292.70255pt x 255.33894pt>
File: images/misc-fullb_errors_H_1.pdf Graphic file (type pdf)

<use images/misc-fullb_errors_H_1.pdf>
Package pdftex.def Info: images/misc-fullb_errors_H_1.pdf used on input line 86
3.
(pdftex.def)             Requested size: 116.44568pt x 101.5805pt.

<images/misc-fullb_errors_H_2.pdf, id=215, 287.70285pt x 255.33392pt>
File: images/misc-fullb_errors_H_2.pdf Graphic file (type pdf)

<use images/misc-fullb_errors_H_2.pdf>
Package pdftex.def Info: images/misc-fullb_errors_H_2.pdf used on input line 86
6.
(pdftex.def)             Requested size: 116.44568pt x 103.34343pt.

<images/bio-celegansneural_H_1.pdf, id=216, 286.31366pt x 253.39267pt>
File: images/bio-celegansneural_H_1.pdf Graphic file (type pdf)

<use images/bio-celegansneural_H_1.pdf>
Package pdftex.def Info: images/bio-celegansneural_H_1.pdf used on input line 8
78.
(pdftex.def)             Requested size: 116.44568pt x 103.0565pt.

<images/bio-celegansneural_H_2.pdf, id=217, 286.31366pt x 253.39368pt>
File: images/bio-celegansneural_H_2.pdf Graphic file (type pdf)

<use images/bio-celegansneural_H_2.pdf>
Package pdftex.def Info: images/bio-celegansneural_H_2.pdf used on input line 8
81.
(pdftex.def)             Requested size: 116.44568pt x 103.05692pt.

<images/ia-email-univ_H_1.pdf, id=218, 286.31366pt x 253.38666pt>
File: images/ia-email-univ_H_1.pdf Graphic file (type pdf)

<use images/ia-email-univ_H_1.pdf>
Package pdftex.def Info: images/ia-email-univ_H_1.pdf used on input line 889.
(pdftex.def)             Requested size: 116.44568pt x 103.05406pt.

<images/ia-email-univ_H_2.pdf, id=219, 286.31366pt x 253.38666pt>
File: images/ia-email-univ_H_2.pdf Graphic file (type pdf)

<use images/ia-email-univ_H_2.pdf>
Package pdftex.def Info: images/ia-email-univ_H_2.pdf used on input line 892.
(pdftex.def)             Requested size: 116.44568pt x 103.05406pt.

<images/misc-polblogs_H_1.pdf, id=220, 286.31366pt x 253.39267pt>
File: images/misc-polblogs_H_1.pdf Graphic file (type pdf)

<use images/misc-polblogs_H_1.pdf>
Package pdftex.def Info: images/misc-polblogs_H_1.pdf used on input line 900.
(pdftex.def)             Requested size: 116.44568pt x 103.0565pt.

<images/misc-polblogs_H_2.pdf, id=221, 286.31366pt x 253.38666pt>
File: images/misc-polblogs_H_2.pdf Graphic file (type pdf)

<use images/misc-polblogs_H_2.pdf>
Package pdftex.def Info: images/misc-polblogs_H_2.pdf used on input line 903.
(pdftex.def)             Requested size: 116.44568pt x 103.05406pt.

<images/misc-as-caida_H_1.pdf, id=222, 281.31398pt x 253.38765pt>
File: images/misc-as-caida_H_1.pdf Graphic file (type pdf)

<use images/misc-as-caida_H_1.pdf>
Package pdftex.def Info: images/misc-as-caida_H_1.pdf used on input line 911.
(pdftex.def)             Requested size: 116.44568pt x 104.88326pt.

<images/misc-as-caida_H_2.pdf, id=223, 286.31366pt x 253.38666pt>
File: images/misc-as-caida_H_2.pdf Graphic file (type pdf)

<use images/misc-as-caida_H_2.pdf>
Package pdftex.def Info: images/misc-as-caida_H_2.pdf used on input line 914.
(pdftex.def)             Requested size: 116.44568pt x 103.05406pt.

<images/misc-fullb_H_1.pdf, id=224, 286.31366pt x 253.38666pt>
File: images/misc-fullb_H_1.pdf Graphic file (type pdf)

<use images/misc-fullb_H_1.pdf>
Package pdftex.def Info: images/misc-fullb_H_1.pdf used on input line 922.
(pdftex.def)             Requested size: 116.44568pt x 103.05406pt.

<images/misc-fullb_H_2.pdf, id=225, 291.31335pt x 253.39267pt>
File: images/misc-fullb_H_2.pdf Graphic file (type pdf)

<use images/misc-fullb_H_2.pdf>
Package pdftex.def Info: images/misc-fullb_H_2.pdf used on input line 925.
(pdftex.def)             Requested size: 116.44568pt x 101.28566pt.


LaTeX Warning: Float too large for page by 2.16661pt on input line 932.


LaTeX Warning: Text page 7 contains only floats.


Overfull \vbox (4.65025pt too high) has occurred while \output is active []


[7.7 <./images/bio-celegansneural_errors_H_1.pdf> <./images/bio-celegansneural_
errors_H_2.pdf> <./images/ia-email-univ_errors_H_1.pdf> <./images/ia-email-univ
_errors_H_2.pdf> <./images/misc-polblogs_errors_H_1.pdf> <./images/misc-polblog
s_errors_H_2.pdf> <./images/misc-as-caida_errors_H_1.pdf> <./images/misc-as-cai
da_errors_H_2.pdf> <./images/misc-fullb_errors_H_1.pdf> <./images/misc-fullb_er
rors_H_2.pdf>]) (./paper_config.bbl)

Package natbib Warning: There were undefined citations.

[8.8] [9.9

 <./images/bio-celegansneural_H_1.pdf> <./images/bio-celegansneural_H_2.pdf> <.
/images/ia-email-univ_H_1.pdf> <./images/ia-email-univ_H_2.pdf> <./images/misc-
polblogs_H_1.pdf> <./images/misc-polblogs_H_2.pdf> <./images/misc-as-caida_H_1.
pdf> <./images/misc-as-caida_H_2.pdf> <./images/misc-fullb_H_1.pdf> <./images/m
isc-fullb_H_2.pdf>]
Package atveryend Info: Empty hook `BeforeClearDocument' on input line 139.
Package atveryend Info: Empty hook `AfterLastShipout' on input line 139.
 (./paper_config.aux)
Package atveryend Info: Executing hook `AtVeryEndDocument' on input line 139.
Package atveryend Info: Executing hook `AtEndAfterFileList' on input line 139.
Package rerunfilecheck Info: File `paper_config.out' has not changed.
(rerunfilecheck)             Checksum: 1F7F82475768DF56ECA6F5013374E314;2714.
 ) 
Here is how much of TeX's memory you used:
 19021 strings out of 493014
 288993 string characters out of 6133351
 512371 words of memory out of 5000000
 21559 multiletter control sequences out of 15000+600000
 173006 words of font info for 366 fonts, out of 8000000 for 9000
 1302 hyphenation exceptions out of 8191
 60i,12n,94p,803b,802s stack positions out of 5000i,500n,10000p,200000b,80000s
{/usr/local/texlive/2016/texmf-dist/fonts/enc/dvips/libertine/lbtn_ncsllp.enc
}{/usr/local/texlive/2016/texmf-dist/fonts/enc/dvips/newtx/libertinealt.enc}{/u
sr/local/texlive/2016/texmf-dist/fonts/enc/dvips/libertine/lbtn_25tcsq.enc}{/us
r/local/texlive/2016/texmf-dist/fonts/enc/dvips/libertine/lbtn_c7kyj5.enc}{/usr
/local/texlive/2016/texmf-dist/fonts/enc/dvips/base/8r.enc}{/usr/local/texlive/
2016/texmf-dist/fonts/enc/dvips/libertine/lbtn_naooyc.enc}{/usr/local/texlive/2
016/texmf-dist/fonts/enc/dvips/libertine/lbtn_7grukw.enc}{/usr/local/texlive/20
16/texmf-dist/fonts/enc/dvips/libertine/lbtn_nh77jq.enc}{/usr/local/texlive/201
6/texmf-dist/fonts/enc/dvips/libertine/lbtn_76gpa5.enc}</usr/local/texlive/2016
/texmf-dist/fonts/type1/public/libertine/LinBiolinumT.pfb></usr/local/texlive/2
016/texmf-dist/fonts/type1/public/libertine/LinBiolinumTB.pfb></usr/local/texli
ve/2016/texmf-dist/fonts/type1/public/libertine/LinLibertineT.pfb></usr/local/t
exlive/2016/texmf-dist/fonts/type1/public/libertine/LinLibertineTB.pfb></usr/lo
cal/texlive/2016/texmf-dist/fonts/type1/public/libertine/LinLibertineTI.pfb></u
sr/local/texlive/2016/texmf-dist/fonts/type1/public/amsfonts/cm/cmbx10.pfb></us
r/local/texlive/2016/texmf-dist/fonts/type1/public/amsfonts/cm/cmmi10.pfb></usr
/local/texlive/2016/texmf-dist/fonts/type1/public/amsfonts/cm/cmr10.pfb></usr/l
ocal/texlive/2016/texmf-dist/fonts/type1/public/amsfonts/cm/cmr7.pfb></usr/loca
l/texlive/2016/texmf-dist/fonts/type1/public/doublestroke/dsrom8.pfb></usr/loca
l/texlive/2016/texmf-dist/fonts/type1/public/newtx/fxlri-5letters.pfb></usr/loc
al/texlive/2016/texmf-dist/fonts/type1/public/newtx/fxlri-7letters.pfb></usr/lo
cal/texlive/2016/texmf-dist/fonts/type1/public/txfonts/rtxmi.pfb></usr/local/te
xlive/2016/texmf-dist/fonts/type1/public/newtx/rtxmi7.pfb></usr/local/texlive/2
016/texmf-dist/fonts/type1/public/txfonts/rtxr.pfb></usr/local/texlive/2016/tex
mf-dist/fonts/type1/public/newtx/txex-bar.pfb></usr/local/texlive/2016/texmf-di
st/fonts/type1/public/txfonts/txex.pfb></usr/local/texlive/2016/texmf-dist/font
s/type1/public/txfonts/txsy.pfb></usr/local/texlive/2016/texmf-dist/fonts/type1
/public/txfonts/txsyb.pfb></usr/local/texlive/2016/texmf-dist/fonts/type1/publi
c/txfonts/txsyc.pfb></usr/local/texlive/2016/texmf-dist/fonts/type1/public/newt
x/zxlr.pfb></usr/local/texlive/2016/texmf-dist/fonts/type1/public/newtx/zxlri.p
fb>
Output written on paper_config.pdf (9 pages, 1097702 bytes).
PDF statistics:
 646 PDF objects out of 1000 (max. 8388607)
 528 compressed objects within 6 object streams
 66 named destinations out of 1000 (max. 500000)
 52059 words of extra memory for PDF output out of 61914 (max. 10000000)

